#-----------------------------------------------------------
# Webtalk v2017.3 (64-bit)
# SW Build 2018833 on Wed Oct  4 19:58:07 MDT 2017
# 
# Start of session at: Tue Nov  7 12:05:49 2017
# Process ID: 7967
# Current directory: /home/lubuntu/gits/DSD/SDK_Lab/SDK_Lab.sdk/webtalk
# Command line: wbtcv -mode batch -source sdk_webtalk.tcl
# Log file: /home/lubuntu/gits/DSD/SDK_Lab/SDK_Lab.sdk/webtalk/webtalk.log
# Journal file: /home/lubuntu/gits/DSD/SDK_Lab/SDK_Lab.sdk/webtalk/webtalk.jou
#-----------------------------------------------------------
source sdk_webtalk.tcl
# webtalk_init -webtalk_dir /home/lubuntu/gits/DSD/SDK_Lab/SDK_Lab.sdk/webtalk
# webtalk_register_client -client project
# webtalk_add_data -client project -key date_generated -value "2017-11-07 12:05:48" -context "software_version_and_target_device"
# webtalk_add_data -client project -key product_version -value "SDK v2017.3" -context "software_version_and_target_device"
# webtalk_add_data -client project -key build_version -value "2017.3" -context "software_version_and_target_device"
# webtalk_add_data -client project -key os_platform -value "amd64" -context "software_version_and_target_device"
# webtalk_add_data -client project -key registration_id -value "" -context "software_version_and_target_device"
# webtalk_add_data -client project -key tool_flow -value "SDK" -context "software_version_and_target_device"
# webtalk_add_data -client project -key beta -value "false" -context "software_version_and_target_device"
# webtalk_add_data -client project -key route_design -value "NA" -context "software_version_and_target_device"
# webtalk_add_data -client project -key target_family -value "NA" -context "software_version_and_target_device"
# webtalk_add_data -client project -key target_device -value "NA" -context "software_version_and_target_device"
# webtalk_add_data -client project -key target_package -value "NA" -context "software_version_and_target_device"
# webtalk_add_data -client project -key target_speed -value "NA" -context "software_version_and_target_device"
# webtalk_add_data -client project -key random_id -value "ephhde5tl8k95p5930j5h89nq2" -context "software_version_and_target_device"
# webtalk_add_data -client project -key project_id -value "2017.3_1" -context "software_version_and_target_device"
# webtalk_add_data -client project -key project_iteration -value "1" -context "software_version_and_target_device"
# webtalk_add_data -client project -key os_name -value "Ubuntu" -context "user_environment"
# webtalk_add_data -client project -key os_release -value "Ubuntu 17.10" -context "user_environment"
# webtalk_add_data -client project -key cpu_name -value "Intel(R) Core(TM) i7-7700HQ CPU @ 2.80GHz" -context "user_environment"
# webtalk_add_data -client project -key cpu_speed -value "2808.000 MHz" -context "user_environment"
# webtalk_add_data -client project -key total_processors -value "1" -context "user_environment"
# webtalk_add_data -client project -key system_ram -value "2.093 GB" -context "user_environment"
# webtalk_register_client -client sdk
# webtalk_add_data -client sdk -key uid -value "1510077311000" -context "sdk\\\\hardware/1510077311000"
# webtalk_add_data -client sdk -key isZynq -value "false" -context "sdk\\\\hardware/1510077311000"
# webtalk_add_data -client sdk -key isZynqMP -value "false" -context "sdk\\\\hardware/1510077311000"
# webtalk_add_data -client sdk -key Processors -value "1" -context "sdk\\\\hardware/1510077311000"
# webtalk_add_data -client sdk -key VivadoVersion -value "2017.3" -context "sdk\\\\hardware/1510077311000"
# webtalk_add_data -client sdk -key Arch -value "artix7" -context "sdk\\\\hardware/1510077311000"
# webtalk_add_data -client sdk -key Device -value "7a100t" -context "sdk\\\\hardware/1510077311000"
# webtalk_add_data -client sdk -key IsHandoff -value "true" -context "sdk\\\\hardware/1510077311000"
# webtalk_add_data -client sdk -key os -value "NA" -context "sdk\\\\hardware/1510077311000"
# webtalk_add_data -client sdk -key apptemplate -value "NA" -context "sdk\\\\hardware/1510077311000"
# webtalk_add_data -client sdk -key RecordType -value "HWCreation" -context "sdk\\\\hardware/1510077311000"
# webtalk_add_data -client sdk -key uid -value "NA" -context "sdk\\\\bsp/1510077948742"
# webtalk_add_data -client sdk -key RecordType -value "ToolUsage" -context "sdk\\\\bsp/1510077948742"
# webtalk_add_data -client sdk -key BootgenCount -value "0" -context "sdk\\\\bsp/1510077948742"
# webtalk_add_data -client sdk -key DebugCount -value "0" -context "sdk\\\\bsp/1510077948742"
# webtalk_add_data -client sdk -key PerfCount -value "0" -context "sdk\\\\bsp/1510077948742"
# webtalk_add_data -client sdk -key FlashCount -value "0" -context "sdk\\\\bsp/1510077948742"
# webtalk_add_data -client sdk -key CrossTriggCount -value "0" -context "sdk\\\\bsp/1510077948742"
# webtalk_add_data -client sdk -key QemuDebugCount -value "0" -context "sdk\\\\bsp/1510077948742"
# webtalk_transmit -clientid 919225070 -regid "" -xml /home/lubuntu/gits/DSD/SDK_Lab/SDK_Lab.sdk/webtalk/usage_statistics_ext_sdk.xml -html /home/lubuntu/gits/DSD/SDK_Lab/SDK_Lab.sdk/webtalk/usage_statistics_ext_sdk.html -wdm /home/lubuntu/gits/DSD/SDK_Lab/SDK_Lab.sdk/webtalk/sdk_webtalk.wdm -intro "<H3>SDK Usage Report</H3><BR>"
INFO: [Common 17-186] '/home/lubuntu/gits/DSD/SDK_Lab/SDK_Lab.sdk/webtalk/usage_statistics_ext_sdk.xml' has been successfully sent to Xilinx on Tue Nov  7 12:05:51 2017. For additional details about this file, please refer to the WebTalk help file at /opt/Xilinx/SDK/2017.3/doc/webtalk_introduction.html.
# webtalk_terminate
INFO: [Common 17-206] Exiting Webtalk at Tue Nov  7 12:05:51 2017...
