11:55:02 INFO  : Registering command handlers for SDK TCF services
11:55:05 INFO  : Launching XSCT server: xsct -n -interactive /home/lubuntu/gits/DSD/SDK_Lab/SDK_Lab.sdk/temp_xsdb_launch_script.tcl
11:55:07 INFO  : XSCT server has started successfully.
11:55:09 INFO  : Successfully done setting XSCT server connection channel  
11:55:09 INFO  : Successfully done setting SDK workspace  
11:55:09 INFO  : Processing command line option -hwspec /home/lubuntu/gits/DSD/SDK_Lab/SDK_Lab.sdk/system_wrapper.hdf.
11:57:28 ERROR : (XSDB Server)ERROR: [Hsi 55-1545] Problem running tcl command ::sw_standalone_v6_4::post_generate : couldn't execute "mb-ar": no such file or directory
    while executing
"exec $archiver -d $libgloss_a _interrupt_handler.o"
    (procedure "::sw_standalone_v6_4::post_generate" line 18)
    invoked from within
"::sw_standalone_v6_4::post_generate standalone"

11:57:28 ERROR : (XSDB Server)ERROR: [Hsi 55-1443] Error(s) while running TCL procedure post_generate()

11:57:28 ERROR : (XSDB Server)ERROR: [Hsi 55-1450] Error: running generate_bsp.

11:57:28 ERROR : Error generating bsp sources: Failed in generating sources
11:57:53 ERROR : (XSDB Server)ERROR: [Hsi 55-1545] Problem running tcl command ::sw_standalone_v6_4::post_generate : couldn't execute "mb-ar": no such file or directory
    while executing
"exec $archiver -d $libgloss_a _interrupt_handler.o"
    (procedure "::sw_standalone_v6_4::post_generate" line 18)
    invoked from within
"::sw_standalone_v6_4::post_generate standalone"

11:57:53 ERROR : (XSDB Server)ERROR: [Hsi 55-1443] Error(s) while running TCL procedure post_generate()

11:57:53 ERROR : (XSDB Server)ERROR: [Hsi 55-1450] Error: running generate_bsp.

11:57:53 ERROR : Error generating bsp sources: Failed in generating sources
11:59:51 ERROR : (XSDB Server)ERROR: [Hsi 55-1545] Problem running tcl command ::sw_standalone_v6_4::post_generate : couldn't execute "mb-ar": no such file or directory
    while executing
"exec $archiver -d $libgloss_a _interrupt_handler.o"
    (procedure "::sw_standalone_v6_4::post_generate" line 18)
    invoked from within
"::sw_standalone_v6_4::post_generate standalone"

11:59:51 ERROR : (XSDB Server)ERROR: [Hsi 55-1443] Error(s) while running TCL procedure post_generate()

11:59:51 ERROR : (XSDB Server)ERROR: [Hsi 55-1450] Error: running generate_bsp.

11:59:51 ERROR : Error generating bsp sources: Failed in generating sources
12:00:11 ERROR : (XSDB Server)ERROR: [Hsi 55-1545] Problem running tcl command ::sw_standalone_v6_4::post_generate : couldn't execute "mb-ar": no such file or directory
    while executing
"exec $archiver -d $libgloss_a _interrupt_handler.o"
    (procedure "::sw_standalone_v6_4::post_generate" line 18)
    invoked from within
"::sw_standalone_v6_4::post_generate standalone"
ERROR: [Hsi 55-1443] Error(s) while running TCL procedure post_generate()

12:00:11 ERROR : (XSDB Server)ERROR: [Hsi 55-1450] Error: running generate_bsp.

12:00:11 ERROR : Error generating bsp sources: Failed in generating sources
12:00:50 ERROR : (XSDB Server)ERROR: [Hsi 55-1545] Problem running tcl command ::sw_standalone_v6_4::post_generate : couldn't execute "mb-ar": no such file or directory
    while executing
"exec $archiver -d $libgloss_a _interrupt_handler.o"
    (procedure "::sw_standalone_v6_4::post_generate" line 18)
    invoked from within
"::sw_standalone_v6_4::post_generate standalone"

12:00:50 ERROR : (XSDB Server)ERROR: [Hsi 55-1443] Error(s) while running TCL procedure post_generate()

12:00:50 ERROR : (XSDB Server)ERROR: [Hsi 55-1450] Error: running generate_bsp.

12:00:50 ERROR : Error generating bsp sources: Failed in generating sources
12:01:14 ERROR : (XSDB Server)ERROR: [Hsi 55-1545] Problem running tcl command ::sw_standalone_v6_4::post_generate : couldn't execute "mb-ar": no such file or directory
    while executing
"exec $archiver -d $libgloss_a _interrupt_handler.o"
    (procedure "::sw_standalone_v6_4::post_generate" line 18)
    invoked from within
"::sw_standalone_v6_4::post_generate standalone"

12:01:14 ERROR : (XSDB Server)ERROR: [Hsi 55-1443] Error(s) while running TCL procedure post_generate()
ERROR: [Hsi 55-1450] Error: running generate_bsp.

12:01:14 ERROR : Error generating bsp sources: Failed in generating sources
12:02:35 ERROR : (XSDB Server)ERROR: [Hsi 55-1545] Problem running tcl command ::sw_standalone_v6_4::post_generate : couldn't execute "mb-ar": no such file or directory
    while executing
"exec $archiver -d $libgloss_a _interrupt_handler.o"
    (procedure "::sw_standalone_v6_4::post_generate" line 18)
    invoked from within
"::sw_standalone_v6_4::post_generate standalone"
ERROR: [Hsi 55-1443] Error(s) while running TCL procedure post_generate()

12:02:35 ERROR : (XSDB Server)ERROR: [Hsi 55-1450] Error: running generate_bsp.

12:02:35 ERROR : Error generating bsp sources: Failed in generating sources
12:03:50 ERROR : (XSDB Server)ERROR: [Hsi 55-1545] Problem running tcl command ::sw_standalone_v6_4::post_generate : couldn't execute "mb-ar": no such file or directory
    while executing
"exec $archiver -d $libgloss_a _interrupt_handler.o"
    (procedure "::sw_standalone_v6_4::post_generate" line 18)
    invoked from within
"::sw_standalone_v6_4::post_generate standalone"

12:03:50 ERROR : (XSDB Server)ERROR: [Hsi 55-1443] Error(s) while running TCL procedure post_generate()

12:03:50 ERROR : (XSDB Server)ERROR: [Hsi 55-1450] Error: running generate_bsp.

12:03:50 ERROR : Error generating bsp sources: Failed in generating sources
12:05:02 ERROR : (XSDB Server)ERROR: [Hsi 55-1545] Problem running tcl command ::sw_standalone_v6_4::post_generate : couldn't execute "mb-ar": no such file or directory
    while executing
"exec $archiver -d $libgloss_a _interrupt_handler.o"
    (procedure "::sw_standalone_v6_4::post_generate" line 18)
    invoked from within
"::sw_standalone_v6_4::post_generate standalone"
ERROR: [Hsi 55-1443] Error(s) while running TCL procedure post_generate()

12:05:02 ERROR : (XSDB Server)ERROR: [Hsi 55-1450] Error: running generate_bsp.

12:05:02 ERROR : Error generating bsp sources: Failed in generating sources
